For more information on the Azure Serial Console, see <https://aka.ms/serialconsolelinux>.
Connecting to console of saasapp1   □ ■ □
+-----------------------------------------------+
Connected to the serial port of the VM.
If no login prompt is displayed, press ENTER.
+-----------------------------------------------+


69] cloud-init[1573]: Preparing to unpack .../342-node-json-parse-better-errors_1.0.2-2_all.deb ...
[  115.748527] cloud-init[1573]: Unpacking node-json-parse-better-errors (1.0.2-2) ...
[  115.765419] cloud-init[1573]: Selecting previously unselected package node-jsonparse.
[  115.777587] cloud-init[1573]: Preparing to unpack .../343-node-jsonparse_1.3.1-7_all.deb ...
[  115.784110] cloud-init[1573]: Unpacking node-jsonparse (1.3.1-7) ...
[  115.801738] cloud-init[1573]: Selecting previously unselected package node-through.
[  115.813619] cloud-init[1573]: Preparing to unpack .../344-node-through_2.3.8-1_all.deb ...
[  115.819802] cloud-init[1573]: Unpacking node-through (2.3.8-1) ...
[  115.836751] cloud-init[1573]: Selecting previously unselected package node-jsonstream.
[  115.848906] cloud-init[1573]: Preparing to unpack .../345-node-jsonstream_1.3.5-1_all.deb ...
[  115.855403] cloud-init[1573]: Unpacking node-jsonstream (1.3.5-1) ...
[  115.873138] cloud-init[1573]: Selecting previously unselected package node-minimist.
[  115.885444] cloud-init[1573]: Preparing to unpack .../346-node-minimist_1.2.5-1_all.deb ...
[  115.892321] cloud-init[1573]: Unpacking node-minimist (1.2.5-1) ...
[  115.909881] cloud-init[1573]: Selecting previously unselected package node-strip-json-comments.
[  115.922030] cloud-init[1573]: Preparing to unpack .../347-node-strip-json-comments_3.0.1-3_all.deb ...
[  115.929004] cloud-init[1573]: Unpacking node-strip-json-comments (3.0.1-3) ...
[  115.947326] cloud-init[1573]: Selecting previously unselected package node-rc.
[  115.959448] cloud-init[1573]: Preparing to unpack .../348-node-rc_1.2.8-1_all.deb ...
[  115.965329] cloud-init[1573]: Unpacking node-rc (1.2.8-1) ...
[  115.983143] cloud-init[1573]: Selecting previously unselected package node-registry-url.
[  115.995757] cloud-init[1573]: Preparing to unpack .../349-node-registry-url_3.1.0-1_all.deb ...
[  116.003062] cloud-init[1573]: Unpacking node-registry-url (3.1.0-1) ...
[  116.019657] cloud-init[1573]: Selecting previously unselected package node-registry-auth-token.
[  116.031928] cloud-init[1573]: Preparing to unpack .../350-node-registry-auth-token_3.3.1-1_all.deb ...
[  116.039232] cloud-init[1573]: Unpacking node-registry-auth-token (3.3.1-1) ...
[  116.056472] cloud-init[1573]: Selecting previously unselected package node-package-json.
[  116.069147] cloud-init[1573]: Preparing to unpack .../351-node-package-json_4.0.1-1_all.deb ...
[  116.075846] cloud-init[1573]: Unpacking node-package-json (4.0.1-1) ...
[  116.092310] cloud-init[1573]: Selecting previously unselected package node-latest-version.
[  116.104415] cloud-init[1573]: Preparing to unpack .../352-node-latest-version_3.1.0-1_all.deb ...
[  116.110856] cloud-init[1573]: Unpacking node-latest-version (3.1.0-1) ...
[  116.126940] cloud-init[1573]: Selecting previously unselected package node-lazy-property.
[  116.139578] cloud-init[1573]: Preparing to unpack .../353-node-lazy-property_1.0.0-3_all.deb ...
[  116.145958] cloud-init[1573]: Unpacking node-lazy-property (1.0.0-3) ...
[  116.162773] cloud-init[1573]: Selecting previously unselected package node-lcid.
[  116.175667] cloud-init[1573]: Preparing to unpack .../354-node-lcid_1.0.0-1_all.deb ...
[  116.181347] cloud-init[1573]: Unpacking node-lcid (1.0.0-1) ...
[  116.199515] cloud-init[1573]: Selecting previously unselected package node-osenv.
[  116.212374] cloud-init[1573]: Preparing to unpack .../355-node-osenv_0.1.5-1_all.deb ...
[  116.218639] cloud-init[1573]: Unpacking node-osenv (0.1.5-1) ...
[  116.236496] cloud-init[1573]: Selecting previously unselected package node-validate-npm-package-name.
[  116.249824] cloud-init[1573]: Preparing to unpack .../356-node-validate-npm-package-name_3.0.0-1_all.deb ...
[  116.258439] cloud-init[1573]: Unpacking node-validate-npm-package-name (3.0.0-1) ...
[  116.276668] cloud-init[1573]: Selecting previously unselected package node-npm-package-arg.
[  116.289596] cloud-init[1573]: Preparing to unpack .../357-node-npm-package-arg_6.1.1-1_all.deb ...
[  116.296393] cloud-init[1573]: Unpacking node-npm-package-arg (6.1.1-1) ...
[  116.314848] cloud-init[1573]: Selecting previously unselected package node-require-directory.
[  116.327334] cloud-init[1573]: Preparing to unpack .../358-node-require-directory_2.1.1-1_all.deb ...
[  116.334658] cloud-init[1573]: Unpacking node-require-directory (2.1.1-1) ...
[  116.351725] cloud-init[1573]: Selecting previously unselected package node-set-blocking.
[  116.364162] cloud-init[1573]: Preparing to unpack .../359-node-set-blocking_2.0.0-1_all.deb ...
[  116.370680] cloud-init[1573]: Unpacking node-set-blocking (2.0.0-1) ...
[  116.388825] cloud-init[1573]: Selecting previously unselected package node-require-main-filename.
[  116.401807] cloud-init[1573]: Preparing to unpack .../360-node-require-main-filename_1.0.1-1_all.deb ...
[  116.408867] cloud-init[1573]: Unpacking node-require-main-filename (1.0.1-1) ...
[  116.426352] cloud-init[1573]: Selecting previously unselected package node-which-module.
[  116.439713] cloud-init[1573]: Preparing to unpack .../361-node-which-module_2.0.0-1_all.deb ...
[  116.445952] cloud-init[1573]: Unpacking node-which-module (2.0.0-1) ...
[  116.463097] cloud-init[1573]: Selecting previously unselected package node-mimic-fn.
[  116.475625] cloud-init[1573]: Preparing to unpack .../362-node-mimic-fn_3.0.0-1_all.deb ...
[  116.481981] cloud-init[1573]: Unpacking node-mimic-fn (3.0.0-1) ...
[  116.500235] cloud-init[1573]: Selecting previously unselected package node-mem.
[  116.512299] cloud-init[1573]: Preparing to unpack .../363-node-mem_1.1.0-1_all.deb ...
[  116.517994] cloud-init[1573]: Unpacking node-mem (1.1.0-1) ...
[  116.536165] cloud-init[1573]: Selecting previously unselected package node-os-locale.
[  116.549722] cloud-init[1573]: Preparing to unpack .../364-node-os-locale_4.0.0-1_all.deb ...
[  116.556062] cloud-init[1573]: Unpacking node-os-locale (4.0.0-1) ...
[  116.573042] cloud-init[1573]: Selecting previously unselected package node-yargs-parser.
[  116.585808] cloud-init[1573]: Preparing to unpack .../365-node-yargs-parser_18.1.1-1_all.deb ...
[  116.592442] cloud-init[1573]: Unpacking node-yargs-parser (18.1.1-1) ...
[  116.611365] cloud-init[1573]: Selecting previously unselected package node-yargs.
[  116.624041] cloud-init[1573]: Preparing to unpack .../366-node-yargs_15.3.0-1_all.deb ...
[  116.630205] cloud-init[1573]: Unpacking node-yargs (15.3.0-1) ...
[  116.693725] cloud-init[1573]: Selecting previously unselected package node-libnpx.
[  116.706628] cloud-init[1573]: Preparing to unpack .../367-node-libnpx_10.2.1-2_all.deb ...
[  116.712759] cloud-init[1573]: Unpacking node-libnpx (10.2.1-2) ...
[  116.741715] cloud-init[1573]: Selecting previously unselected package node-lodash.
[  116.754001] cloud-init[1573]: Preparing to unpack .../368-node-lodash_4.17.15+dfsg-2_all.deb ...
[  116.761306] cloud-init[1573]: Unpacking node-lodash (4.17.15+dfsg-2) ...
[  117.799625] cloud-init[1573]: Selecting previously unselected package node-ms.
[  117.812973] cloud-init[1573]: Preparing to unpack .../369-node-ms_2.1.1-1_all.deb ...
[  117.819887] cloud-init[1573]: Unpacking node-ms (2.1.1-1) ...
[  117.836355] cloud-init[1573]: Selecting previously unselected package node-npm-bundled.
[  117.849058] cloud-init[1573]: Preparing to unpack .../370-node-npm-bundled_1.1.1-1_all.deb ...
[  117.856093] cloud-init[1573]: Unpacking node-npm-bundled (1.1.1-1) ...
[  117.873437] cloud-init[1573]: Selecting previously unselected package node-number-is-nan.
[  117.885776] cloud-init[1573]: Preparing to unpack .../371-node-number-is-nan_2.0.0-1_all.deb ...
[  117.893036] cloud-init[1573]: Unpacking node-number-is-nan (2.0.0-1) ...
[  117.910853] cloud-init[1573]: Selecting previously unselected package xdg-utils.
[  117.923557] cloud-init[1573]: Preparing to unpack .../372-xdg-utils_1.1.3-2ubuntu1.20.04.2_all.deb ...
[  117.931431] cloud-init[1573]: Unpacking xdg-utils (1.1.3-2ubuntu1.20.04.2) ...
[  117.960499] cloud-init[1573]: Selecting previously unselected package node-opener.
[  117.973427] cloud-init[1573]: Preparing to unpack .../373-node-opener_1.5.1-1_all.deb ...
[  117.979743] cloud-init[1573]: Unpacking node-opener (1.5.1-1) ...
[  117.997115] cloud-init[1573]: Selecting previously unselected package node-p-is-promise.
[  118.010221] cloud-init[1573]: Preparing to unpack .../374-node-p-is-promise_3.0.0-1_all.deb ...
[  118.018286] cloud-init[1573]: Unpacking node-p-is-promise (3.0.0-1) ...
[  118.037808] cloud-init[1573]: Selecting previously unselected package node-performance-now.
[  118.052055] cloud-init[1573]: Preparing to unpack .../375-node-performance-now_2.1.0+debian-1_all.deb ...
[  118.060108] cloud-init[1573]: Unpacking node-performance-now (2.1.0+debian-1) ...
[  118.078900] cloud-init[1573]: Selecting previously unselected package node-pify.
[  118.091517] cloud-init[1573]: Preparing to unpack .../376-node-pify_3.0.0-1_all.deb ...
[  118.097337] cloud-init[1573]: Unpacking node-pify (3.0.0-1) ...
[  118.114609] cloud-init[1573]: Selecting previously unselected package node-retry.
[  118.127112] cloud-init[1573]: Preparing to unpack .../377-node-retry_0.12.0-1_all.deb ...
[  118.133691] cloud-init[1573]: Unpacking node-retry (0.12.0-1) ...
[  118.151688] cloud-init[1573]: Selecting previously unselected package node-promise-retry.
[  118.165060] cloud-init[1573]: Preparing to unpack .../378-node-promise-retry_1.1.1-4_all.deb ...
[  118.173005] cloud-init[1573]: Unpacking node-promise-retry (1.1.1-4) ...
[  118.190744] cloud-init[1573]: Selecting previously unselected package node-mute-stream.
[  118.203281] cloud-init[1573]: Preparing to unpack .../379-node-mute-stream_0.0.8-2_all.deb ...
[  118.209438] cloud-init[1573]: Unpacking node-mute-stream (0.0.8-2) ...
[  118.225755] cloud-init[1573]: Selecting previously unselected package node-read.
[  118.238504] cloud-init[1573]: Preparing to unpack .../380-node-read_1.0.7-2_all.deb ...
[  118.245133] cloud-init[1573]: Unpacking node-read (1.0.7-2) ...
[  118.262777] cloud-init[1573]: Selecting previously unselected package node-promzard.
[  118.275018] cloud-init[1573]: Preparing to unpack .../381-node-promzard_0.3.0-1_all.deb ...
[  118.281293] cloud-init[1573]: Unpacking node-promzard (0.3.0-1) ...
[  118.299995] cloud-init[1573]: Selecting previously unselected package node-pseudomap.
[  118.312276] cloud-init[1573]: Preparing to unpack .../382-node-pseudomap_1.0.2-1_all.deb ...
[  118.319326] cloud-init[1573]: Unpacking node-pseudomap (1.0.2-1) ...
[  118.336383] cloud-init[1573]: Selecting previously unselected package node-psl.
[  118.349480] cloud-init[1573]: Preparing to unpack .../383-node-psl_1.7.0+ds-1_all.deb ...
[  118.356116] cloud-init[1573]: Unpacking node-psl (1.7.0+ds-1) ...
[  118.396512] cloud-init[1573]: Selecting previously unselected package node-qw.
[  118.409533] cloud-init[1573]: Preparing to unpack .../384-node-qw_1.0.1-1_all.deb ...
[  118.415942] cloud-init[1573]: Unpacking node-qw (1.0.1-1) ...
[  118.432827] cloud-init[1573]: Selecting previously unselected package node-resolve-from.
[  118.445328] cloud-init[1573]: Preparing to unpack .../385-node-resolve-from_4.0.0-1_all.deb ...
[  118.451633] cloud-init[1573]: Unpacking node-resolve-from (4.0.0-1) ...
[  118.468902] cloud-init[1573]: Selecting previously unselected package node-semver-diff.
[  118.482264] cloud-init[1573]: Preparing to unpack .../386-node-semver-diff_2.1.0-2_all.deb ...
[  118.489621] cloud-init[1573]: Unpacking node-semver-diff (2.1.0-2) ...
[  118.506911] cloud-init[1573]: Selecting previously unselected package node-slash.
[  118.519571] cloud-init[1573]: Preparing to unpack .../387-node-slash_3.0.0-1_all.deb ...
[  118.525930] cloud-init[1573]: Unpacking node-slash (3.0.0-1) ...
[  118.543868] cloud-init[1573]: Selecting previously unselected package node-sorted-object.
[  118.557744] cloud-init[1573]: Preparing to unpack .../388-node-sorted-object_2.0.1-1_all.deb ...
[  118.565462] cloud-init[1573]: Unpacking node-sorted-object (2.0.1-1) ...
[  118.583867] cloud-init[1573]: Selecting previously unselected package node-spdx-license-ids.
[  118.597124] cloud-init[1573]: Preparing to unpack .../389-node-spdx-license-ids_3.0.5-1_all.deb ...
[  118.604130] cloud-init[1573]: Unpacking node-spdx-license-ids (3.0.5-1) ...
[  118.622924] cloud-init[1573]: Selecting previously unselected package node-spdx-exceptions.
[  118.636551] cloud-init[1573]: Preparing to unpack .../390-node-spdx-exceptions_2.2.0-1_all.deb ...
[  118.643579] cloud-init[1573]: Unpacking node-spdx-exceptions (2.2.0-1) ...
[  118.662102] cloud-init[1573]: Selecting previously unselected package node-spdx-expression-parse.
[  118.675538] cloud-init[1573]: Preparing to unpack .../391-node-spdx-expression-parse_3.0.0-1_all.deb ...
[  118.682253] cloud-init[1573]: Unpacking node-spdx-expression-parse (3.0.0-1) ...
[  118.699082] cloud-init[1573]: Selecting previously unselected package node-spdx-correct.
[  118.711528] cloud-init[1573]: Preparing to unpack .../392-node-spdx-correct_3.1.0-1_all.deb ...
[  118.717943] cloud-init[1573]: Unpacking node-spdx-correct (3.1.0-1) ...
[  118.734893] cloud-init[1573]: Selecting previously unselected package node-stream-iterate.
[  118.748397] cloud-init[1573]: Preparing to unpack .../393-node-stream-iterate_1.2.0-4_all.deb ...
[  118.754993] cloud-init[1573]: Unpacking node-stream-iterate (1.2.0-4) ...
[  118.772887] cloud-init[1573]: Selecting previously unselected package node-strict-uri-encode.
[  118.786154] cloud-init[1573]: Preparing to unpack .../394-node-strict-uri-encode_2.0.0-1_all.deb ...
[  118.794226] cloud-init[1573]: Unpacking node-strict-uri-encode (2.0.0-1) ...
[  118.810461] cloud-init[1573]: Selecting previously unselected package node-text-table.
[  118.823323] cloud-init[1573]: Preparing to unpack .../395-node-text-table_0.2.0-2_all.deb ...
[  118.830313] cloud-init[1573]: Unpacking node-text-table (0.2.0-2) ...
[  118.848115] cloud-init[1573]: Selecting previously unselected package node-tough-cookie.
[  118.860634] cloud-init[1573]: Preparing to unpack .../396-node-tough-cookie_3.0.0-1_all.deb ...
[  118.868240] cloud-init[1573]: Unpacking node-tough-cookie (3.0.0-1) ...
[  118.890578] cloud-init[1573]: Selecting previously unselected package node-uid-number.
[  118.903259] cloud-init[1573]: Preparing to unpack .../397-node-uid-number_0.0.6-1ubuntu0.20.04.1_all.deb ...
[  118.915056] cloud-init[1573]: Unpacking node-uid-number (0.0.6-1ubuntu0.20.04.1) ...
[  118.933101] cloud-init[1573]: Selecting previously unselected package node-unpipe.
[  118.947915] cloud-init[1573]: Preparing to unpack .../398-node-unpipe_1.0.0-1_all.deb ...
[  118.954004] cloud-init[1573]: Unpacking node-unpipe (1.0.0-1) ...
[  118.972096] cloud-init[1573]: Selecting previously unselected package node-uuid.
[  118.984712] cloud-init[1573]: Preparing to unpack .../399-node-uuid_3.3.2-2_all.deb ...
[  118.992206] cloud-init[1573]: Unpacking node-uuid (3.3.2-2) ...
[  119.013178] cloud-init[1573]: Selecting previously unselected package node-validate-npm-package-license.
[  119.027146] cloud-init[1573]: Preparing to unpack .../400-node-validate-npm-package-license_3.0.4-1_all.deb ...
[  119.034955] cloud-init[1573]: Unpacking node-validate-npm-package-license (3.0.4-1) ...
[  119.053540] cloud-init[1573]: Selecting previously unselected package node-xtend.
[  119.066438] cloud-init[1573]: Preparing to unpack .../401-node-xtend_4.0.2-1_all.deb ...
[  119.073773] cloud-init[1573]: Unpacking node-xtend (4.0.2-1) ...
[  119.092554] cloud-init[1573]: Selecting previously unselected package nodejs-doc.
[  119.105620] cloud-init[1573]: Preparing to unpack .../402-nodejs-doc_10.19.0~dfsg-3ubuntu1_all.deb ...
[  119.114183] cloud-init[1573]: Unpacking nodejs-doc (10.19.0~dfsg-3ubuntu1) ...
[  119.299121] cloud-init[1573]: Selecting previously unselected package libglvnd0:amd64.
[  119.312766] cloud-init[1573]: Preparing to unpack .../403-libglvnd0_1.3.2-1~ubuntu0.20.04.2_amd64.deb ...
[  119.319511] cloud-init[1573]: Unpacking libglvnd0:amd64 (1.3.2-1~ubuntu0.20.04.2) ...
[  119.350543] cloud-init[1573]: Selecting previously unselected package libglx0:amd64.
[  119.364123] cloud-init[1573]: Preparing to unpack .../404-libglx0_1.3.2-1~ubuntu0.20.04.2_amd64.deb ...
[  119.371325] cloud-init[1573]: Unpacking libglx0:amd64 (1.3.2-1~ubuntu0.20.04.2) ...
[  119.396258] cloud-init[1573]: Selecting previously unselected package libgl1:amd64.
[  119.409674] cloud-init[1573]: Preparing to unpack .../405-libgl1_1.3.2-1~ubuntu0.20.04.2_amd64.deb ...
[  119.417815] cloud-init[1573]: Unpacking libgl1:amd64 (1.3.2-1~ubuntu0.20.04.2) ...
[  119.448051] cloud-init[1573]: Selecting previously unselected package x11-utils.
[  119.461756] cloud-init[1573]: Preparing to unpack .../406-x11-utils_7.7+5_amd64.deb ...
[  119.470729] cloud-init[1573]: Unpacking x11-utils (7.7+5) ...
[  119.545821] cloud-init[1573]: Selecting previously unselected package x11-xserver-utils.
[  119.559325] cloud-init[1573]: Preparing to unpack .../407-x11-xserver-utils_7.7+8_amd64.deb ...
[  119.565882] cloud-init[1573]: Unpacking x11-xserver-utils (7.7+8) ...
[  119.608266] cloud-init[1573]: Selecting previously unselected package libauthen-sasl-perl.
[  119.622214] cloud-init[1573]: Preparing to unpack .../408-libauthen-sasl-perl_2.1600-1_all.deb ...
[  119.629536] cloud-init[1573]: Unpacking libauthen-sasl-perl (2.1600-1) ...
[  119.654896] cloud-init[1573]: Selecting previously unselected package node-abbrev.
[  119.668092] cloud-init[1573]: Preparing to unpack .../409-node-abbrev_1.1.1-2_all.deb ...
[  119.675560] cloud-init[1573]: Unpacking node-abbrev (1.1.1-2) ...
[  119.694290] cloud-init[1573]: Selecting previously unselected package node-ansi.
[  119.706998] cloud-init[1573]: Preparing to unpack .../410-node-ansi_0.3.1-1_all.deb ...
[  119.713527] cloud-init[1573]: Unpacking node-ansi (0.3.1-1) ...
[  119.734230] cloud-init[1573]: Selecting previously unselected package node-archy.
[  119.747195] cloud-init[1573]: Preparing to unpack .../411-node-archy_1.0.0-3_all.deb ...
[  119.754018] cloud-init[1573]: Unpacking node-archy (1.0.0-3) ...
[  119.771532] cloud-init[1573]: Selecting previously unselected package node-bl.
[  119.784271] cloud-init[1573]: Preparing to unpack .../412-node-bl_4.0.0-2_all.deb ...
[  119.790472] cloud-init[1573]: Unpacking node-bl (4.0.0-2) ...
[  119.808195] cloud-init[1573]: Selecting previously unselected package node-delayed-stream.
[  119.821451] cloud-init[1573]: Preparing to unpack .../413-node-delayed-stream_1.0.0-4_all.deb ...
[  119.827951] cloud-init[1573]: Unpacking node-delayed-stream (1.0.0-4) ...
[  119.846402] cloud-init[1573]: Selecting previously unselected package node-combined-stream.
[  119.859435] cloud-init[1573]: Preparing to unpack .../414-node-combined-stream_1.0.8-1_all.deb ...
[  119.866057] cloud-init[1573]: Unpacking node-combined-stream (1.0.8-1) ...
[  119.884855] cloud-init[1573]: Selecting previously unselected package node-debug.
[  119.898425] cloud-init[1573]: Preparing to unpack .../415-node-debug_4.1.1-2_all.deb ...
[  119.905146] cloud-init[1573]: Unpacking node-debug (4.1.1-2) ...
[  119.925390] cloud-init[1573]: Selecting previously unselected package node-encoding.
[  119.938008] cloud-init[1573]: Preparing to unpack .../416-node-encoding_0.1.12-3_all.deb ...
[  119.945922] cloud-init[1573]: Unpacking node-encoding (0.1.12-3) ...
[  119.963793] cloud-init[1573]: Selecting previously unselected package node-prr.
[  119.976450] cloud-init[1573]: Preparing to unpack .../417-node-prr_1.0.1-1_all.deb ...
[  119.988448] cloud-init[1573]: Unpacking node-prr (1.0.1-1) ...
[  120.008798] cloud-init[1573]: Selecting previously unselected package node-errno.
[  120.022076] cloud-init[1573]: Preparing to unpack .../418-node-errno_0.1.7-1_all.deb ...
[  120.028481] cloud-init[1573]: Unpacking node-errno (0.1.7-1) ...
[  120.049372] cloud-init[1573]: Selecting previously unselected package node-extend.
[  120.062034] cloud-init[1573]: Preparing to unpack .../419-node-extend_3.0.2-1_all.deb ...
[  120.069208] cloud-init[1573]: Unpacking node-extend (3.0.2-1) ...
[  120.086737] cloud-init[1573]: Selecting previously unselected package node-forever-agent.
[  120.100270] cloud-init[1573]: Preparing to unpack .../420-node-forever-agent_0.6.1-2_all.deb ...
[  120.106809] cloud-init[1573]: Unpacking node-forever-agent (0.6.1-2) ...
[  120.124610] cloud-init[1573]: Selecting previously unselected package node-mime.
[  120.137640] cloud-init[1573]: Preparing to unpack .../421-node-mime_2.4.4+dfsg-1_all.deb ...
[  120.148208] cloud-init[1573]: Unpacking node-mime (2.4.4+dfsg-1) ...
[  120.174987] cloud-init[1573]: Selecting previously unselected package node-mime-types.
[  120.189985] cloud-init[1573]: Preparing to unpack .../422-node-mime-types_2.1.25-1_all.deb ...
[  120.197500] cloud-init[1573]: Unpacking node-mime-types (2.1.25-1) ...
[  120.216013] cloud-init[1573]: Selecting previously unselected package node-form-data.
[  120.229214] cloud-init[1573]: Preparing to unpack .../423-node-form-data_3.0.0-2_all.deb ...
[  120.236156] cloud-init[1573]: Unpacking node-form-data (3.0.0-2) ...
[  120.256565] cloud-init[1573]: Selecting previously unselected package node-nopt.
[  120.269540] cloud-init[1573]: Preparing to unpack .../424-node-nopt_3.0.6-4_all.deb ...
[  120.276027] cloud-init[1573]: Unpacking node-nopt (3.0.6-4) ...
[  120.294489] cloud-init[1573]: Selecting previously unselected package node-npmlog.
[  120.307480] cloud-init[1573]: Preparing to unpack .../425-node-npmlog_4.1.2-2_all.deb ...
[  120.314438] cloud-init[1573]: Unpacking node-npmlog (4.1.2-2) ...
[  120.332955] cloud-init[1573]: Selecting previously unselected package node-json-stringify-safe.
[  120.347828] cloud-init[1573]: Preparing to unpack .../426-node-json-stringify-safe_5.0.1+repack-2_all.deb ...
[  120.355972] cloud-init[1573]: Unpacking node-json-stringify-safe (5.0.1+repack-2) ...
[  120.378238] cloud-init[1573]: Selecting previously unselected package node-oauth-sign.
[  120.392244] cloud-init[1573]: Preparing to unpack .../427-node-oauth-sign_0.9.0-2_all.deb ...
[  120.400360] cloud-init[1573]: Unpacking node-oauth-sign (0.9.0-2) ...
[  120.418725] cloud-init[1573]: Selecting previously unselected package node-qs.
[  120.433944] cloud-init[1573]: Preparing to unpack .../428-node-qs_6.9.1+ds-1_all.deb ...
[  120.441026] cloud-init[1573]: Unpacking node-qs (6.9.1+ds-1) ...
[  120.461351] cloud-init[1573]: Selecting previously unselected package node-tunnel-agent.
[  120.474707] cloud-init[1573]: Preparing to unpack .../429-node-tunnel-agent_0.6.1-2_all.deb ...
[  120.481917] cloud-init[1573]: Unpacking node-tunnel-agent (0.6.1-2) ...
[  120.500486] cloud-init[1573]: Selecting previously unselected package node-request.
[  120.513599] cloud-init[1573]: Preparing to unpack .../430-node-request_2.88.1-4_all.deb ...
[  120.520042] cloud-init[1573]: Unpacking node-request (2.88.1-4) ...
[  120.547015] cloud-init[1573]: Selecting previously unselected package node-tar.
[  120.560115] cloud-init[1573]: Preparing to unpack .../431-node-tar_4.4.10+ds1-2ubuntu1_all.deb ...
[  120.567760] cloud-init[1573]: Unpacking node-tar (4.4.10+ds1-2ubuntu1) ...
[  120.592466] cloud-init[1573]: Selecting previously unselected package node-gyp.
[  120.605545] cloud-init[1573]: Preparing to unpack .../432-node-gyp_6.1.0-3_all.deb ...
[  120.612498] cloud-init[1573]: Unpacking node-gyp (6.1.0-3) ...
[  120.636527] cloud-init[1573]: Selecting previously unselected package node-lockfile.
[  120.650543] cloud-init[1573]: Preparing to unpack .../433-node-lockfile_1.0.4-3_all.deb ...
[  120.657064] cloud-init[1573]: Unpacking node-lockfile (1.0.4-3) ...
[  120.689282] cloud-init[1573]: Selecting previously unselected package node-resolve.
[  120.702542] cloud-init[1573]: Preparing to unpack .../434-node-resolve_1.15.1-3_all.deb ...
[  120.709404] cloud-init[1573]: Unpacking node-resolve (1.15.1-3) ...
[  120.729882] cloud-init[1573]: Selecting previously unselected package node-normalize-package-data.
[  120.744788] cloud-init[1573]: Preparing to unpack .../435-node-normalize-package-data_2.5.0-1_all.deb ...
[  120.752052] cloud-init[1573]: Unpacking node-normalize-package-data (2.5.0-1) ...
[  120.772300] cloud-init[1573]: Selecting previously unselected package node-os-tmpdir.
[  120.785663] cloud-init[1573]: Preparing to unpack .../436-node-os-tmpdir_1.0.2-1_all.deb ...
[  120.792370] cloud-init[1573]: Unpacking node-os-tmpdir (1.0.2-1) ...
[  120.810213] cloud-init[1573]: Selecting previously unselected package node-read-package-json.
[  120.823501] cloud-init[1573]: Preparing to unpack .../437-node-read-package-json_2.1.1-1_all.deb ...
[  120.831158] cloud-init[1573]: Unpacking node-read-package-json (2.1.1-1) ...
[  120.850751] cloud-init[1573]: Selecting previously unselected package node-sha.
[  120.863521] cloud-init[1573]: Preparing to unpack .../438-node-sha_3.0.0-1_all.deb ...
[  120.870150] cloud-init[1573]: Unpacking node-sha (3.0.0-1) ...
[  120.887804] cloud-init[1573]: Selecting previously unselected package node-slide.
[  120.901499] cloud-init[1573]: Preparing to unpack .../439-node-slide_1.1.6-2_all.deb ...
[  120.908130] cloud-init[1573]: Unpacking node-slide (1.1.6-2) ...
[  120.929608] cloud-init[1573]: Selecting previously unselected package npm.
[  120.941971] cloud-init[1573]: Preparing to unpack .../440-npm_6.14.4+ds-1ubuntu2_all.deb ...
[  120.954082] cloud-init[1573]: Unpacking npm (6.14.4+ds-1ubuntu2) ...
[  121.695948] cloud-init[1573]: Setting up javascript-common (11) ...
[  121.722537] cloud-init[1573]: Setting up libuv1-dev:amd64 (1.34.2-1ubuntu1.3) ...
[  121.727297] cloud-init[1573]: Setting up libxcb-dri3-0:amd64 (1.14-2) ...
[  121.734696] cloud-init[1573]: Setting up manpages-dev (5.05-1) ...
[  121.740573] cloud-init[1573]: Setting up libx11-xcb1:amd64 (2:1.6.9-2ubuntu1.2) ...
[  121.750005] cloud-init[1573]: Setting up libpciaccess0:amd64 (0.16-0ubuntu1) ...
[  121.758745] cloud-init[1573]: Setting up libdrm-nouveau2:amd64 (2.4.107-8ubuntu1~20.04.2) ...
[  121.762819] cloud-init[1573]: Setting up libtie-ixhash-perl (1.23-2) ...
[  121.766580] cloud-init[1573]: Setting up libxcb-xfixes0:amd64 (1.14-2) ...
[  121.771708] cloud-init[1573]: Setting up libjs-inherits (2.0.4-1) ...
[  121.775544] cloud-init[1573]: Setting up libxpm4:amd64 (1:3.5.12-1ubuntu0.20.04.1) ...
[  121.779116] cloud-init[1573]: Setting up libxi6:amd64 (2:1.7.10-0ubuntu1) ...
[  121.782502] cloud-init[1573]: Setting up libfont-afm-perl (1.20-2) ...
[  121.785756] cloud-init[1573]: Setting up libxrender1:amd64 (1:0.9.10-1) ...
[  121.791245] cloud-init[1573]: Setting up libfile-fcntllock-perl (0.22-3build4) ...
[  121.795311] cloud-init[1573]: Setting up libalgorithm-diff-perl (1.19.03-2) ...
[  121.801573] cloud-init[1573]: Setting up libdrm-radeon1:amd64 (2.4.107-8ubuntu1~20.04.2) ...
[  121.805645] cloud-init[1573]: Setting up libglvnd0:amd64 (1.3.2-1~ubuntu0.20.04.2) ...
[  121.809888] cloud-init[1573]: Setting up libio-stringy-perl (2.111-3) ...
[  121.812793] cloud-init[1573]: Setting up libhtml-tagset-perl (3.20-4) ...
[  121.815941] cloud-init[1573]: Setting up libauthen-sasl-perl (2.1600-1) ...
[  121.819481] cloud-init[1573]: Setting up libxcb-glx0:amd64 (1.14-2) ...
[  121.824315] cloud-init[1573]: Setting up libdrm-intel1:amd64 (2.4.107-8ubuntu1~20.04.2) ...
[  121.827959] cloud-init[1573]: Setting up liblwp-mediatypes-perl (6.04-1) ...
[  121.831130] cloud-init[1573]: Setting up libxcb-shape0:amd64 (1.14-2) ...
[  121.834315] cloud-init[1573]: Setting up binutils-common:amd64 (2.34-6ubuntu1.4) ...
[  121.838290] cloud-init[1573]: Setting up x11-common (1:7.7+19ubuntu14) ...
[  122.010795] cloud-init[1573]: update-rc.d: warning: start and stop actions are no longer supported; falling back to defaults
[  123.166377] cloud-init[1573]: Setting up libtry-tiny-perl (0.30-1) ...
[  123.171473] cloud-init[1573]: Setting up libsensors-config (1:3.6.0-2ubuntu1.1) ...
[  123.179123] cloud-init[1573]: Setting up libxxf86dga1:amd64 (2:1.1.5-0ubuntu1) ...
[  123.189198] cloud-init[1573]: Setting up perl-openssl-defaults:amd64 (4) ...
[  123.192241] cloud-init[1573]: Setting up linux-libc-dev:amd64 (5.4.0-139.156) ...
[  123.197977] cloud-init[1573]: Setting up libctf-nobfd0:amd64 (2.34-6ubuntu1.4) ...
[  123.205396] cloud-init[1573]: Setting up nginx-common (1.18.0-0ubuntu1.4) ...
[  123.209195] cloud-init[1573]: 
[  123.217944] cloud-init[1573]: Configuration file '/etc/nginx/sites-available/default'
[  123.222072] cloud-init[1573]:  ==> File on system created by you or by a script.
[  123.230275] cloud-init[1573]:  ==> File also in package provided by package maintainer.
[  123.237384] cloud-init[1573]:  ==> Using current old file as you requested.
[  123.507566] cloud-init[1573]: Created symlink /etc/systemd/system/multi-user.target.wants/nginx.service → /lib/systemd/system/nginx.service.
[  124.238057] cloud-init[1573]: Setting up libencode-locale-perl (1.05-1) ...
[  124.242312] cloud-init[1573]: Setting up libxcb-shm0:amd64 (1.14-2) ...
[  124.249136] cloud-init[1573]: Setting up libc-ares2:amd64 (1.15.0-1ubuntu0.1) ...
[  124.255580] cloud-init[1573]: Setting up libgomp1:amd64 (10.3.0-1ubuntu1~20.04) ...
[  124.259349] cloud-init[1573]: Setting up libjbig0:amd64 (2.1-3.1ubuntu0.20.04.1) ...
[  124.262911] cloud-init[1573]: Setting up libfakeroot:amd64 (1.24-1) ...
[  124.266265] cloud-init[1573]: Setting up libxxf86vm1:amd64 (1:1.1.4-1build1) ...
[  124.269796] cloud-init[1573]: Setting up libpython2.7-stdlib:amd64 (2.7.18-1~20.04.3) ...
[  124.273614] cloud-init[1573]: Setting up fakeroot (1.24-1) ...
[  124.361335] cloud-init[1573]: update-alternatives: using /usr/bin/fakeroot-sysv to provide /usr/bin/fakeroot (fakeroot) in auto mode
[  124.380786] cloud-init[1573]: Setting up libxcb-present0:amd64 (1.14-2) ...
[  124.391450] cloud-init[1573]: Setting up libjs-psl (1.7.0+ds-1) ...
[  124.399078] cloud-init[1573]: Setting up libnginx-mod-http-xslt-filter (1.18.0-0ubuntu1.4) ...
[  124.423668] cloud-init[1573]: Setting up libfontenc1:amd64 (1:1.1.4-0ubuntu1) ...
[  124.433760] cloud-init[1573]: Setting up libdata-dump-perl (1.23-1) ...
[  124.443464] cloud-init[1573]: Setting up make (4.2.1-1.2) ...
[  124.449854] cloud-init[1573]: Setting up libxfixes3:amd64 (1:5.0.3-2) ...
[  124.455881] cloud-init[1573]: Setting up libxcb-sync1:amd64 (1.14-2) ...
[  124.461171] cloud-init[1573]: Setting up libipc-system-simple-perl (1.26-1) ...
[  124.470402] cloud-init[1573]: Setting up libxml-xpathengine-perl (0.14-1) ...
[  124.480971] cloud-init[1573]: Setting up libllvm12:amd64 (1:12.0.0-3ubuntu1~20.04.5) ...
[  124.491143] cloud-init[1573]: Setting up libquadmath0:amd64 (10.3.0-1ubuntu1~20.04) ...
[  124.502502] cloud-init[1573]: Setting up libxinerama1:amd64 (2:1.1.4-2) ...
[  124.511558] cloud-init[1573]: Setting up libxv1:amd64 (2:1.0.11-1) ...
[  124.521459] cloud-init[1573]: Setting up libssl-dev:amd64 (1.1.1f-1ubuntu2.17) ...
[  124.531253] cloud-init[1573]: Setting up libnode64:amd64 (10.19.0~dfsg-3ubuntu1) ...
[  124.539658] cloud-init[1573]: Setting up libmpc3:amd64 (1.1.0-1) ...
[  124.545843] cloud-init[1573]: Setting up libatomic1:amd64 (10.3.0-1ubuntu1~20.04) ...
[  124.549974] cloud-init[1573]: Setting up libio-html-perl (1.001-1) ...
[  124.557986] cloud-init[1573]: Setting up libxrandr2:amd64 (2:1.5.2-0ubuntu1) ...
[  124.561430] cloud-init[1573]: Setting up libwebp6:amd64 (0.6.1-2ubuntu0.20.04.1) ...
[  124.570017] cloud-init[1573]: Setting up fonts-dejavu-core (2.37-1) ...
[  124.577243] cloud-init[1573]: Setting up libsensors5:amd64 (1:3.6.0-2ubuntu1.1) ...
[  124.585245] cloud-init[1573]: Setting up libjpeg-turbo8:amd64 (2.0.3-0ubuntu1.20.04.3) ...
[  124.590861] cloud-init[1573]: Setting up libglapi-mesa:amd64 (21.2.6-0ubuntu0.1~20.04.2) ...
[  124.596083] cloud-init[1573]: Setting up libdpkg-perl (1.19.7ubuntu3.2) ...
[  124.599829] cloud-init[1573]: Setting up libvulkan1:amd64 (1.2.131.2-1) ...
[  124.603774] cloud-init[1573]: Setting up nodejs-doc (10.19.0~dfsg-3ubuntu1) ...
[  124.607770] cloud-init[1573]: Setting up libtimedate-perl (2.3200-1) ...
[  124.612819] cloud-init[1573]: Setting up libubsan1:amd64 (10.3.0-1ubuntu1~20.04) ...
[  124.616852] cloud-init[1573]: Setting up libxcb-dri2-0:amd64 (1.14-2) ...
[  124.620870] cloud-init[1573]: Setting up libxshmfence1:amd64 (1.3-1) ...
[  124.625661] cloud-init[1573]: Setting up libcrypt-dev:amd64 (1:4.4.10-10ubuntu4) ...
[  124.630015] cloud-init[1573]: Setting up libxcb-randr0:amd64 (1.14-2) ...
[  124.634077] cloud-init[1573]: Setting up libisl22:amd64 (0.22.1-1) ...
[  124.637583] cloud-init[1573]: Setting up libxkbfile1:amd64 (1:1.1.0-1) ...
[  124.641553] cloud-init[1573]: Setting up libbinutils:amd64 (2.34-6ubuntu1.4) ...
[  124.645624] cloud-init[1573]: Setting up libc-dev-bin (2.31-0ubuntu9.9) ...
[  124.650822] cloud-init[1573]: Setting up libxcomposite1:amd64 (1:0.4.5-1) ...
[  124.658181] cloud-init[1573]: Setting up libalgorithm-diff-xs-perl (0.04-6) ...
[  124.662896] cloud-init[1573]: Setting up xdg-utils (1.1.3-2ubuntu1.20.04.2) ...
[  124.671959] cloud-init[1573]: Setting up libcc1-0:amd64 (10.3.0-1ubuntu1~20.04) ...
[  124.677543] cloud-init[1573]: Setting up liburi-perl (1.76-2) ...
[  124.684081] cloud-init[1573]: Setting up libx11-protocol-perl (0.56-7) ...
[  124.689879] cloud-init[1573]: Setting up liblsan0:amd64 (10.3.0-1ubuntu1~20.04) ...
[  124.697249] cloud-init[1573]: Setting up libitm1:amd64 (10.3.0-1ubuntu1~20.04) ...
[  124.703270] cloud-init[1573]: Setting up gcc-9-base:amd64 (9.4.0-1ubuntu1~20.04.1) ...
[  124.710253] cloud-init[1573]: Setting up libalgorithm-merge-perl (0.08-3) ...
[  124.714684] cloud-init[1573]: Setting up libjs-is-typedarray (1.0.0-2) ...
[  124.725443] cloud-init[1573]: Setting up libdrm-amdgpu1:amd64 (2.4.107-8ubuntu1~20.04.2) ...
[  124.733918] cloud-init[1573]: Setting up libtsan0:amd64 (10.3.0-1ubuntu1~20.04) ...
[  124.741248] cloud-init[1573]: Setting up libwayland-client0:amd64 (1.18.0-1ubuntu0.1) ...
[  124.745983] cloud-init[1573]: Setting up libctf0:amd64 (2.34-6ubuntu1.4) ...
[  124.752457] cloud-init[1573]: Setting up libnet-ssleay-perl (1.88-2ubuntu1) ...
[  124.758769] cloud-init[1573]: Setting up libjpeg8:amd64 (8c-2ubuntu8) ...
[  124.769248] cloud-init[1573]: Setting up mesa-vulkan-drivers:amd64 (21.2.6-0ubuntu0.1~20.04.2) ...
[  124.777417] cloud-init[1573]: Setting up libnginx-mod-mail (1.18.0-0ubuntu1.4) ...
[  124.780794] cloud-init[1573]: Setting up libice6:amd64 (2:1.0.10-0ubuntu1) ...
[  124.787822] cloud-init[1573]: Setting up libhttp-date-perl (6.05-1) ...
[  124.795992] cloud-init[1573]: Setting up libfile-basedir-perl (0.08-1) ...
[  124.804288] cloud-init[1573]: Setting up libfile-listing-perl (6.04-1) ...
[  124.810036] cloud-init[1573]: Setting up python2.7 (2.7.18-1~20.04.3) ...
[  125.707403] cloud-init[1573]: Setting up libnode-dev:amd64 (10.19.0~dfsg-3ubuntu1) ...
[  125.713435] cloud-init[1573]: Setting up libpython2-stdlib:amd64 (2.7.17-2ubuntu4) ...
[  125.717498] cloud-init[1573]: Setting up fontconfig-config (2.13.1-2ubuntu3) ...
[  125.743369] cloud-init[1573]: Setting up libxtst6:amd64 (2:1.2.3-1) ...
[  125.748541] cloud-init[1573]: Setting up libxcursor1:amd64 (1:1.2.0-2) ...
[  125.758194] cloud-init[1573]: Setting up libgl1-mesa-dri:amd64 (21.2.6-0ubuntu0.1~20.04.2) ...
[  125.765058] cloud-init[1573]: Setting up libnginx-mod-stream (1.18.0-0ubuntu1.4) ...
[  125.776903] cloud-init[1573]: Setting up libnet-http-perl (6.19-1) ...
[  125.780935] cloud-init[1573]: Setting up nodejs (10.19.0~dfsg-3ubuntu1) ...
[  125.790688] cloud-init[1573]: update-alternatives: using /usr/bin/nodejs to provide /usr/bin/js (js) in auto mode
[  125.798040] cloud-init[1573]: Setting up node-minimist (1.2.5-1) ...
[  125.805312] cloud-init[1573]: Setting up node-aws4 (1.9.0-1) ...
[  125.812347] cloud-init[1573]: Setting up python2 (2.7.17-2ubuntu4) ...
[  125.821266] cloud-init[1573]: Setting up node-prepend-http (2.0.0-1) ...
[  125.825255] cloud-init[1573]: Setting up node-typedarray (0.0.6-1) ...
[  125.832637] cloud-init[1573]: Setting up node-function-bind (1.1.1+repack-1) ...
[  125.839431] cloud-init[1573]: Setting up node-clone (2.1.2-1) ...
[  125.846177] cloud-init[1573]: Setting up node-iferr (1.0.2-1) ...
[  125.852077] cloud-init[1573]: Setting up node-chownr (1.1.3-3) ...
[  125.859444] cloud-init[1573]: Setting up node-has-flag (4.0.0-1) ...
[  125.866285] cloud-init[1573]: Setting up node-os-tmpdir (1.0.2-1) ...
[  125.872264] cloud-init[1573]: Setting up node-lodash-packages (4.17.15+dfsg-2) ...
[  125.880529] cloud-init[1573]: Setting up node-json-schema-traverse (0.3.1-1) ...
[  125.887963] cloud-init[1573]: Setting up node-asap (2.0.6-2) ...
[  125.894240] cloud-init[1573]: Setting up node-mime (2.4.4+dfsg-1) ...
[  125.901036] cloud-init[1573]: Setting up node-inherits (2.0.4-1) ...
[  125.907437] cloud-init[1573]: Setting up node-builtin-modules (3.1.0-1) ...
[  125.914368] cloud-init[1573]: Setting up node-path-is-absolute (2.0.0-1) ...
[  125.920622] cloud-init[1573]: Setting up libasan5:amd64 (9.4.0-1ubuntu1~20.04.1) ...
[  125.929845] cloud-init[1573]: Setting up node-ini (1.3.5-1) ...
[  125.936284] cloud-init[1573]: Setting up node-iconv-lite (0.4.23-1) ...
[  125.941588] cloud-init[1573]: Setting up node-is-npm (1.0.0-1) ...
[  125.948189] cloud-init[1573]: Setting up node-safe-buffer (5.2.0-1) ...
[  125.955187] cloud-init[1573]: Setting up node-promise-inflight (1.0.1-1) ...
[  125.963331] cloud-init[1573]: Setting up node-json-stringify-safe (5.0.1+repack-2) ...
[  125.971432] cloud-init[1573]: Setting up node-json-parse-better-errors (1.0.2-2) ...
[  125.979839] cloud-init[1573]: Setting up node-strict-uri-encode (2.0.0-1) ...
[  125.987043] cloud-init[1573]: Setting up node-y18n (4.0.0-2) ...
[  125.993698] cloud-init[1573]: Setting up node-detect-newline (2.1.0-1) ...
[  126.000093] cloud-init[1573]: Setting up node-fast-deep-equal (1.1.0-1) ...
[  126.005386] cloud-init[1573]: Setting up node-shebang-regex (2.0.0-1) ...
[  126.011485] cloud-init[1573]: Setting up node-har-schema (2.0.0-3) ...
[  126.018272] cloud-init[1573]: Setting up node-mime-types (2.1.25-1) ...
[  126.021967] cloud-init[1573]: Setting up node-performance-now (2.1.0+debian-1) ...
[  126.025868] cloud-init[1573]: Setting up node-err-code (2.0.0+dfsg-1) ...
[  126.029186] cloud-init[1573]: Setting up node-resolve-from (4.0.0-1) ...
[  126.033038] cloud-init[1573]: Setting up node-balanced-match (1.0.0-1) ...
[  126.037562] cloud-init[1573]: Setting up node-ansi (0.3.1-1) ...
[  126.044542] cloud-init[1573]: Setting up node-is-object (1.0.1-1) ...
[  126.047698] cloud-init[1573]: Setting up node-is-stream (1.1.0-1) ...
[  126.051548] cloud-init[1573]: Setting up node-spdx-exceptions (2.2.0-1) ...
[  126.055629] cloud-init[1573]: Setting up node-deep-extend (0.6.0-1) ...
[  126.060543] cloud-init[1573]: Setting up node-p-finally (1.0.0-2) ...
[  126.063886] cloud-init[1573]: Setting up node-set-blocking (2.0.0-1) ...
[  126.067758] cloud-init[1573]: Setting up node-prr (1.0.1-1) ...
[  126.073549] cloud-init[1573]: Setting up node-tunnel-agent (0.6.1-2) ...
[  126.078088] cloud-init[1573]: Setting up node-npm-bundled (1.1.1-1) ...
[  126.083303] cloud-init[1573]: Setting up node-uid-number (0.0.6-1ubuntu0.20.04.1) ...
[  126.090043] cloud-init[1573]: Setting up node-signal-exit (3.0.2-1) ...
[  126.095139] cloud-init[1573]: Setting up node-cyclist (1.0.1-2) ...
[  126.098669] cloud-init[1573]: Setting up node-wrappy (1.0.2-1) ...
[  126.102097] cloud-init[1573]: Setting up node-text-table (0.2.0-2) ...
[  126.106143] cloud-init[1573]: Setting up libfile-desktopentry-perl (0.22-1) ...
[  126.109729] cloud-init[1573]: Setting up node-asynckit (0.4.0-3) ...
[  126.113033] cloud-init[1573]: Setting up node-proto-list (1.2.4-1) ...
[  126.116422] cloud-init[1573]: Setting up node-require-directory (2.1.1-1) ...
[  126.124500] cloud-init[1573]: Setting up node-ip (1.1.5-5) ...
[  126.130323] cloud-init[1573]: Setting up node-punycode (2.1.1-3) ...
[  126.137840] cloud-init[1573]: Setting up node-concat-stream (1.6.2-1) ...
[  126.145276] cloud-init[1573]: Setting up node-defaults (1.0.3-1) ...
[  126.151221] cloud-init[1573]: Setting up node-is-typedarray (1.0.0-2) ...
[  126.157906] cloud-init[1573]: Setting up libwww-robotrules-perl (6.02-1) ...
[  126.165113] cloud-init[1573]: Setting up node-mute-stream (0.0.8-2) ...
[  126.173290] cloud-init[1573]: Setting up node-mimic-response (2.1.0-1) ...
[  126.180226] cloud-init[1573]: Setting up libjs-typedarray-to-buffer (3.0.3-3) ...
[  126.185843] cloud-init[1573]: Setting up node-duplexer3 (0.1.4-5) ...
[  126.192390] cloud-init[1573]: Setting up node-number-is-nan (2.0.0-1) ...
[  126.198142] cloud-init[1573]: Setting up node-graceful-fs (4.2.3-2) ...
[  126.209535] cloud-init[1573]: Setting up node-jsonify (0.0.0-1) ...
[  126.213238] cloud-init[1573]: Setting up libhtml-parser-perl (3.72-5) ...
[  126.221247] cloud-init[1573]: Setting up node-json-stable-stringify (1.0.1-1) ...
[  126.227969] cloud-init[1573]: Setting up node-hosted-git-info (2.8.5-1) ...
[  126.237060] cloud-init[1573]: Setting up node-aproba (2.0.0-1) ...
[  126.240045] cloud-init[1573]: Setting up node-mimic-fn (3.0.0-1) ...
[  126.243464] cloud-init[1573]: Setting up node-ip-regex (4.1.0-2) ...
[  126.246517] cloud-init[1573]: Setting up cpp-9 (9.4.0-1ubuntu1~20.04.1) ...
[  126.249504] cloud-init[1573]: Setting up libc6-dev:amd64 (2.31-0ubuntu9.9) ...
[  126.252681] cloud-init[1573]: Setting up node-crypto-random-string (1.0.0-1) ...
[  126.256354] cloud-init[1573]: Setting up node-spdx-license-ids (3.0.5-1) ...
[  126.259644] cloud-init[1573]: Setting up node-string-decoder (1.2.0-2) ...
[  126.262834] cloud-init[1573]: Setting up node-mkdirp (0.5.1-2) ...
[  126.265790] cloud-init[1573]: Setting up node-run-queue (1.0.3-1) ...
[  126.268615] cloud-init[1573]: Setting up libtiff5:amd64 (4.1.0+git191117-2ubuntu0.20.04.7) ...
[  126.273193] cloud-init[1573]: Setting up node-call-limit (1.1.1-1) ...
[  126.276555] cloud-init[1573]: Setting up node-core-util-is (1.0.2-1) ...
[  126.279796] cloud-init[1573]: Setting up node-json-schema (0.2.3-1) ...
[  126.282883] cloud-init[1573]: Setting up node-uri-js (4.2.2+dfsg-5) ...
[  126.285960] cloud-init[1573]: Setting up libfontconfig1:amd64 (2.13.1-2ubuntu3) ...
[  126.289240] cloud-init[1573]: Setting up node-cli-boxes (2.2.0-2) ...
[  126.292226] cloud-init[1573]: Setting up node-opener (1.5.1-1) ...
[  126.295671] cloud-init[1573]: Setting up node-archy (1.0.0-3) ...
[  126.298465] cloud-init[1573]: Setting up node-caseless (0.12.0-1) ...
[  126.301600] cloud-init[1573]: Setting up node-imurmurhash (0.1.4-1) ...
[  126.304610] cloud-init[1573]: Setting up node-xtend (4.0.2-1) ...
[  126.307811] cloud-init[1573]: Setting up node-p-timeout (1.2.0-1) ...
[  126.311800] cloud-init[1573]: Setting up node-encoding (0.1.12-3) ...
[  126.314761] cloud-init[1573]: Setting up node-config-chain (1.1.12-1) ...
[  126.317799] cloud-init[1573]: Setting up node-read (1.0.7-2) ...
[  126.321356] cloud-init[1573]: Setting up node-detect-indent (5.0.0-1) ...
[  126.324543] cloud-init[1573]: Setting up libsm6:amd64 (2:1.2.3-1) ...
[  126.327714] cloud-init[1573]: Setting up node-npm-run-path (2.0.2-2) ...
[  126.330886] cloud-init[1573]: Setting up node-asn1 (0.2.3-2) ...
[  126.333665] cloud-init[1573]: Setting up node-has-symbol-support-x (1.4.1+dfsg-1) ...
[  126.337198] cloud-init[1573]: Setting up node-sorted-object (2.0.1-1) ...
[  126.340612] cloud-init[1573]: Setting up node-lodash (4.17.15+dfsg-2) ...
[  126.343629] cloud-init[1573]: Setting up libio-socket-ssl-perl (2.067-1) ...
[  126.346901] cloud-init[1573]: Setting up node-isarray (2.0.5-1) ...
[  126.349942] cloud-init[1573]: Setting up node-osenv (0.1.5-1) ...
[  126.352611] cloud-init[1573]: Setting up node-is-plain-obj (1.1.0-1) ...
[  126.356751] cloud-init[1573]: Setting up node-ms (2.1.1-1) ...
[  126.359666] cloud-init[1573]: Setting up node-shebang-command (1.2.0-1) ...
[  126.362801] cloud-init[1573]: Setting up libhttp-message-perl (6.22-1) ...
[  126.366165] cloud-init[1573]: Setting up binutils-x86-64-linux-gnu (2.34-6ubuntu1.4) ...
[  126.369884] cloud-init[1573]: Setting up node-lowercase-keys (2.0.0-1) ...
[  126.373085] cloud-init[1573]: Setting up node-decompress-response (3.3.0-1) ...
[  126.376600] cloud-init[1573]: Setting up libhtml-form-perl (6.07-1) ...
[  126.382612] cloud-init[1573]: Setting up node-es6-promise (4.2.8-6) ...
[  126.385792] cloud-init[1573]: Setting up node-strip-eof (1.0.0-2) ...
[  126.388689] cloud-init[1573]: Setting up node-process-nextick-args (2.0.0-1) ...
[  126.392030] cloud-init[1573]: Setting up node-semver (7.1.3-1) ...
[  126.394815] cloud-init[1573]: Setting up node-has-unicode (2.0.1-2) ...
[  126.397673] cloud-init[1573]: Setting up node-fs-write-stream-atomic (1.0.10-4) ...
[  126.401143] cloud-init[1573]: Setting up node-forever-agent (0.6.1-2) ...
[  126.404244] cloud-init[1573]: Setting up node-unpipe (1.0.0-1) ...
[  126.407248] cloud-init[1573]: Setting up node-qs (6.9.1+ds-1) ...
[  126.410018] cloud-init[1573]: Setting up node-slide (1.1.6-2) ...
[  126.412830] cloud-init[1573]: Setting up node-delayed-stream (1.0.0-4) ...
[  126.415966] cloud-init[1573]: Setting up node-isstream (0.1.2+dfsg-1) ...
[  126.419146] cloud-init[1573]: Setting up node-builtins (1.0.3-1) ...
[  126.422011] cloud-init[1573]: Setting up node-stream-shift (1.0.0-1) ...
[  126.425163] cloud-init[1573]: Setting up node-colors (1.4.0-1) ...
[  126.428159] cloud-init[1573]: Setting up node-fs.realpath (1.0.0-1) ...
[  126.431346] cloud-init[1573]: Setting up libfile-mimeinfo-perl (0.29-1) ...
[  126.435762] cloud-init[1573]: Setting up node-oauth-sign (0.9.0-2) ...
[  126.438987] cloud-init[1573]: Setting up node-url-to-options (1.0.1-1) ...
[  126.441981] cloud-init[1573]: Setting up node-jsbn (1.1.0-1) ...
[  126.444647] cloud-init[1573]: Setting up libhttp-negotiate-perl (6.01-1) ...
[  126.447935] cloud-init[1573]: Setting up node-object-assign (4.1.1-3) ...
[  126.450891] cloud-init[1573]: Setting up node-extsprintf (1.3.0-1) ...
[  126.453776] cloud-init[1573]: Setting up libxft2:amd64 (2.3.3-0ubuntu1) ...
[  126.457255] cloud-init[1573]: Setting up node-abbrev (1.1.1-2) ...
[  126.460117] cloud-init[1573]: Setting up node-mem (1.1.0-1) ...
[  126.463115] cloud-init[1573]: Setting up node-path-is-inside (1.0.2-1) ...
[  126.466305] cloud-init[1573]: Setting up libglx-mesa0:amd64 (21.2.6-0ubuntu0.1~20.04.2) ...
[  126.470266] cloud-init[1573]: Setting up node-supports-color (6.1.0-2) ...
[  126.473583] cloud-init[1573]: Setting up node-invert-kv (1.0.0-1) ...
[  126.476540] cloud-init[1573]: Setting up node-pify (3.0.0-1) ...
[  126.482838] cloud-init[1573]: Setting up node-p-limit (2.2.2-1) ...
[  126.485948] cloud-init[1573]: Setting up node-yallist (4.0.0-1) ...
[  126.488851] cloud-init[1573]: Setting up node-define-properties (1.1.3-1) ...
[  126.492366] cloud-init[1573]: Setting up node-p-cancelable (0.3.0-1) ...
[  126.495377] cloud-init[1573]: Setting up node-ansi-regex (5.0.0-1) ...
[  126.498408] cloud-init[1573]: Setting up node-p-is-promise (3.0.0-1) ...
[  126.501557] cloud-init[1573]: Setting up node-timed-out (4.0.1-5) ...
[  126.504380] cloud-init[1573]: Setting up node-strip-json-comments (3.0.1-3) ...
[  126.507957] cloud-init[1573]: Setting up libglx0:amd64 (1.3.2-1~ubuntu0.20.04.2) ...
[  126.511171] cloud-init[1573]: Setting up node-once (1.4.0-3) ...
[  126.514074] cloud-init[1573]: Setting up node-psl (1.7.0+ds-1) ...
[  126.517044] cloud-init[1573]: Setting up node-slash (3.0.0-1) ...
[  126.519934] cloud-init[1573]: Setting up node-util-deprecate (1.0.2-1) ...
[  126.523044] cloud-init[1573]: Setting up node-editor (1.0.0-1) ...
[  126.525975] cloud-init[1573]: Setting up libhttp-cookies-perl (6.08-1) ...
[  126.529599] cloud-init[1573]: Setting up node-retry (0.12.0-1) ...
[  126.532573] cloud-init[1573]: Setting up node-get-caller-file (1.0.2-1) ...
[  126.535668] cloud-init[1573]: Setting up node-sha (3.0.0-1) ...
[  126.538548] cloud-init[1573]: Setting up node-require-main-filename (1.0.1-1) ...
[  126.592181] cloud-init[1573]: Setting up node-url-parse-lax (1.0.0-1) ...
[  126.595977] cloud-init[1573]: Setting up node-concat-map (0.0.1-2) ...
[  126.599510] cloud-init[1573]: Setting up node-import-lazy (3.0.0.REALLY.2.1.0-1) ...
[  126.602946] cloud-init[1573]: Setting up node-is-retry-allowed (1.1.0-1) ...
[  126.606068] cloud-init[1573]: Setting up python-pkg-resources (44.0.0-2ubuntu0.1) ...
[  126.791372] cloud-init[1573]: Setting up node-assert-plus (1.0.0-2) ...
[  126.796851] cloud-init[1573]: Setting up node-ansistyles (0.1.3-2) ...
[  126.803973] cloud-init[1573]: Setting up node-delegates (1.0.0-1) ...
[  126.810185] cloud-init[1573]: Setting up libhtml-tree-perl (5.07-2) ...
[  126.820501] cloud-init[1573]: Setting up node-xdg-basedir (3.0.0-1) ...
[  126.823873] cloud-init[1573]: Setting up node-co (4.6.0-1) ...
[  126.829156] cloud-init[1573]: Setting up node-isexe (2.0.0-4) ...
[  126.835884] cloud-init[1573]: Setting up node-is-obj (1.0.1-2) ...
[  126.841691] cloud-init[1573]: Setting up node-resolve (1.15.1-3) ...
[  126.842946] cloud-init[1573]: Setting up node-jsonparse (1.3.1-7) ...
[  126.848282] cloud-init[1573]: Setting up node-ajv (6.10.2-1) ...
[  126.852252] cloud-init[1573]: Setting up node-path-exists (4.0.0-2) ...
[  126.858547] cloud-init[1573]: Setting up node-qw (1.0.1-1) ...
[  126.861601] cloud-init[1573]: Setting up node-tweetnacl (1.0.1+dfsg-2) ...
[  126.867873] cloud-init[1573]: Setting up node-escape-string-regexp (1.0.5-1) ...
[  126.876116] cloud-init[1573]: Setting up node-through (2.3.8-1) ...
[  126.883063] cloud-init[1573]: Setting up node-genfun (5.0.0-1) ...
[  126.889190] cloud-init[1573]: Setting up node-errno (0.1.7-1) ...
[  126.896827] cloud-init[1573]: Setting up node-p-locate (2.0.0-1) ...
[  126.903545] cloud-init[1573]: Setting up node-which-module (2.0.0-1) ...
[  126.910911] cloud-init[1573]: Setting up node-decamelize (1.2.0-1) ...
[  126.918074] cloud-init[1573]: Setting up node-ci-info (2.0.0-1) ...
[  126.925249] cloud-init[1573]: Setting up node-aws-sign2 (0.7.1-2) ...
[  126.933269] cloud-init[1573]: Setting up node-pseudomap (1.0.2-1) ...
[  126.936699] cloud-init[1573]: Setting up node-color-name (1.1.3-1) ...
[  126.946086] cloud-init[1573]: Setting up node-semver-diff (2.1.0-2) ...
[  126.953259] cloud-init[1573]: Setting up node-bluebird (3.5.1+dfsg2-2build1) ...
[  126.960672] cloud-init[1573]: Setting up node-unique-string (1.0.0-1) ...
[  126.966205] cloud-init[1573]: Setting up node-console-control-strings (1.1.0-1) ...
[  126.975863] cloud-init[1573]: Setting up libhtml-format-perl (2.12-1) ...
[  126.981798] cloud-init[1573]: Setting up node-debug (4.1.1-2) ...
[  126.989264] cloud-init[1573]: Setting up node-camelcase (5.3.1-1) ...
[  126.993486] cloud-init[1573]: Setting up binutils (2.34-6ubuntu1.4) ...
[  127.001287] cloud-init[1573]: Setting up node-uuid (3.3.2-2) ...
[  127.007871] cloud-init[1573]: Setting up node-from2 (2.3.0-1) ...
[  127.013748] cloud-init[1573]: Setting up node-extend (3.0.2-1) ...
[  127.030061] cloud-init[1573]: Setting up node-jsonstream (1.3.5-1) ...
[  127.032994] cloud-init[1573]: Setting up node-lazy-property (1.0.0-3) ...
[  127.042099] cloud-init[1573]: Setting up node-yargs-parser (18.1.1-1) ...
[  127.045436] cloud-init[1573]: Setting up node-dashdash (1.14.1-2) ...
[  127.052373] cloud-init[1573]: Setting up dpkg-dev (1.19.7ubuntu3.2) ...
[  127.061397] cloud-init[1573]: Setting up node-make-dir (3.0.2-1) ...
[  127.065247] cloud-init[1573]: Setting up node-validate-npm-package-name (3.0.0-1) ...
[  127.069288] cloud-init[1573]: Setting up node-promzard (0.3.0-1) ...
[  127.077980] cloud-init[1573]: Setting up node-wcwidth.js (1.0.0-1) ...
[  127.082518] cloud-init[1573]: Setting up libgcc-9-dev:amd64 (9.4.0-1ubuntu1~20.04.1) ...
[  127.088440] cloud-init[1573]: Setting up node-locate-path (5.0.0-2) ...
[  127.097204] cloud-init[1573]: Setting up node-ecc-jsbn (0.2.0-2) ...
[  127.102679] cloud-init[1573]: Setting up node-combined-stream (1.0.8-1) ...
[  127.107651] cloud-init[1573]: Setting up node-unique-filename (1.1.1+ds-1) ...
[  127.112180] cloud-init[1573]: Setting up libgl1:amd64 (1.3.2-1~ubuntu0.20.04.2) ...
[  127.121252] cloud-init[1573]: Setting up libnet-smtp-ssl-perl (1.04-1) ...
[  127.129254] cloud-init[1573]: Setting up libmailtools-perl (2.21-1) ...
[  127.132342] cloud-init[1573]: Setting up node-brace-expansion (1.1.11-1) ...
[  127.136341] cloud-init[1573]: Setting up libgd3:amd64 (2.2.5-5.2ubuntu2.1) ...
[  127.142566] cloud-init[1573]: Setting up node-form-data (3.0.0-2) ...
[  127.153396] cloud-init[1573]: Setting up node-strip-ansi (6.0.0-2) ...
[  127.156623] cloud-init[1573]: Setting up node-lockfile (1.0.4-3) ...
[  127.164322] cloud-init[1573]: Setting up node-spdx-expression-parse (3.0.0-1) ...
[  127.173368] cloud-init[1573]: Setting up node-parallel-transform (1.1.0-2) ...
[  127.181366] cloud-init[1573]: Setting up node-which (2.0.2-1) ...
[  127.184376] cloud-init[1573]: Setting up libxt6:amd64 (1:1.1.5-1) ...
[  127.193955] cloud-init[1573]: Setting up node-lcid (1.0.0-1) ...
[  127.197112] cloud-init[1573]: Setting up node-typedarray-to-buffer (3.0.3-3) ...
[  127.202044] cloud-init[1573]: Setting up node-dot-prop (5.2.0-1) ...
[  127.208785] cloud-init[1573]: Setting up node-stream-iterate (1.2.0-4) ...
[  127.212884] cloud-init[1573]: Setting up node-tar (4.4.10+ds1-2ubuntu1) ...
[  127.221852] cloud-init[1573]: Setting up libhttp-daemon-perl (6.06-1ubuntu0.1) ...
[  127.229361] cloud-init[1573]: Setting up node-inflight (1.0.6-1) ...
[  127.233245] cloud-init[1573]: Setting up cpp (4:9.3.0-1ubuntu2) ...
[  127.241249] cloud-init[1573]: Setting up node-has-to-string-tag-x (1.4.1+dfsg-1) ...
[  127.246184] cloud-init[1573]: Setting up node-tough-cookie (3.0.0-1) ...
[  127.250084] cloud-init[1573]: Setting up node-rc (1.2.8-1) ...
[  127.257845] cloud-init[1573]: Setting up node-is-path-inside (1.0.1-1) ...
[  127.262674] cloud-init[1573]: Setting up node-minimatch (3.0.4-4) ...
[  127.269986] cloud-init[1573]: Setting up node-npm-package-arg (6.1.1-1) ...
[  127.277245] cloud-init[1573]: Setting up node-verror (1.10.0-1) ...
[  127.285075] cloud-init[1573]: Setting up node-getpass (0.1.7-1) ...
[  127.288420] cloud-init[1573]: Setting up node-nopt (3.0.6-4) ...
[  127.293951] cloud-init[1573]: Setting up node-isurl (4.0.1-2) ...
[  127.299269] cloud-init[1573]: Setting up node-color-convert (1.9.3-1) ...
[  127.309998] cloud-init[1573]: Setting up node-string-width (2.1.1-1) ...
[  127.313039] cloud-init[1573]: Setting up gyp (0.1+20180428git4d467626-3ubuntu1) ...
[  127.357907] cloud-init[1573]: Setting up node-har-validator (5.1.3-1) ...
[  127.362153] cloud-init[1573]: Setting up gcc-9 (9.4.0-1ubuntu1~20.04.1) ...
[  127.369956] cloud-init[1573]: Setting up node-readable-stream (3.4.0-2) ...
[  127.377199] cloud-init[1573]: Setting up node-ssri (7.1.0-2) ...
[  127.382271] cloud-init[1573]: Setting up node-through2 (3.0.1-2) ...
[  127.388166] cloud-init[1573]: Setting up node-lru-cache (5.1.1-5) ...
[  127.394844] cloud-init[1573]: Setting up node-bcrypt-pbkdf (1.0.2-1) ...
[  127.403137] cloud-init[1573]: Setting up node-promise-retry (1.1.1-4) ...
[  127.406504] cloud-init[1573]: Setting up libxmu6:amd64 (2:1.1.3-0ubuntu1) ...
[  127.413905] cloud-init[1573]: Setting up node-end-of-stream (1.4.4-1) ...
[  127.421308] cloud-init[1573]: Setting up libstdc++-9-dev:amd64 (9.4.0-1ubuntu1~20.04.1) ...
[  127.428128] cloud-init[1573]: Setting up node-pump (3.0.0-2) ...
[  127.440014] cloud-init[1573]: Setting up node-write-file-atomic (3.0.3-1) ...
[  127.445825] cloud-init[1573]: Setting up node-columnify (1.5.4-1) ...
[  127.452618] cloud-init[1573]: Setting up node-jsprim (1.4.1-1) ...
[  127.459948] cloud-init[1573]: Setting up node-flush-write-stream (2.0.0-2) ...
[  127.468144] cloud-init[1573]: Setting up libnginx-mod-http-image-filter (1.18.0-0ubuntu1.4) ...
[  127.472373] cloud-init[1573]: Setting up node-are-we-there-yet (1.1.5-1) ...
[  127.475901] cloud-init[1573]: Setting up node-find-up (4.1.0-2) ...
[  127.485404] cloud-init[1573]: Setting up libxaw7:amd64 (2:1.0.13-1) ...
[  127.488528] cloud-init[1573]: Setting up x11-xserver-utils (7.7+8) ...
[  127.501427] cloud-init[1573]: Setting up gcc (4:9.3.0-1ubuntu2) ...
[  127.504276] cloud-init[1573]: Setting up node-duplexify (4.1.1-1) ...
[  127.513271] cloud-init[1573]: Setting up node-spdx-correct (3.1.0-1) ...
[  127.521241] cloud-init[1573]: Setting up node-cross-spawn (5.1.0-2) ...
[  127.524249] cloud-init[1573]: Setting up node-ansi-styles (4.2.1-1) ...
[  127.530097] cloud-init[1573]: Setting up node-glob (7.1.6-1) ...
[  127.535998] cloud-init[1573]: Setting up node-get-stream (4.1.0-1) ...
[  127.541282] cloud-init[1573]: Setting up node-pumpify (2.0.1-1) ...
[  127.547186] cloud-init[1573]: Setting up node-widest-line (3.1.0-1) ...
[  127.554891] cloud-init[1573]: Setting up node-got (7.1.0-1) ...
[  127.559715] cloud-init[1573]: Setting up node-chalk (2.4.2-1) ...
[  127.563181] cloud-init[1573]: Setting up g++-9 (9.4.0-1ubuntu1~20.04.1) ...
[  127.566429] cloud-init[1573]: Setting up node-configstore (5.0.1-1) ...
[  127.569590] cloud-init[1573]: Setting up node-registry-url (3.1.0-1) ...
[  127.572715] cloud-init[1573]: Setting up node-registry-auth-token (3.3.1-1) ...
[  127.576233] cloud-init[1573]: Setting up g++ (4:9.3.0-1ubuntu2) ...
[  127.579304] cloud-init[1573]: update-alternatives: using /usr/bin/g++ to provide /usr/bin/c++ (c++) in auto mode
[  127.585144] cloud-init[1573]: Setting up x11-utils (7.7+5) ...
[  127.588090] cloud-init[1573]: Setting up build-essential (12.8ubuntu1.1) ...
[  127.591559] cloud-init[1573]: Setting up node-wide-align (1.1.3-1) ...
[  127.596425] cloud-init[1573]: Setting up node-ansi-align (3.0.0-1) ...
[  127.599781] cloud-init[1573]: Setting up node-rimraf (2.6.3-1) ...
[  127.603000] cloud-init[1573]: Setting up node-sshpk (1.16.1+dfsg-2) ...
[  127.606001] cloud-init[1573]: Setting up node-bl (4.0.0-2) ...
[  127.609030] cloud-init[1573]: Setting up nginx-core (1.18.0-0ubuntu1.4) ...
         Starting A high performanc… and a reverse proxy server...
[  OK  ] Started A high performance…er and a reverse proxy server.
[  128.319372] cloud-init[1573]: Setting up node-validate-npm-package-license (3.0.4-1) ...
[  128.327913] cloud-init[1573]: Setting up node-stream-each (1.2.3-1) ...
[  128.335066] cloud-init[1573]: Setting up node-mississippi (3.0.0-1) ...
[  128.341724] cloud-init[1573]: Setting up node-execa (0.10.0+dfsg-1) ...
[  128.349262] cloud-init[1573]: Setting up nginx (1.18.0-0ubuntu1.4) ...
[  128.356403] cloud-init[1573]: Setting up node-copy-concurrently (1.0.5-4) ...
[  128.364017] cloud-init[1573]: Setting up node-move-concurrently (1.0.1-2) ...
[  128.370101] cloud-init[1573]: Setting up node-term-size (1.2.0+dfsg-2) ...
[  128.374846] cloud-init[1573]: Setting up node-os-locale (4.0.0-1) ...
[  128.379201] cloud-init[1573]: Setting up node-http-signature (1.3.2-1) ...
[  128.382394] cloud-init[1573]: Setting up node-fs-vacuum (1.2.10-3) ...
[  128.385584] cloud-init[1573]: Setting up node-gauge (2.7.4-1) ...
[  128.388322] cloud-init[1573]: Setting up node-wrap-ansi (4.0.0-2) ...
[  128.392418] cloud-init[1573]: Setting up node-normalize-package-data (2.5.0-1) ...
[  128.397287] cloud-init[1573]: Setting up node-boxen (4.2.0-2) ...
[  128.400875] cloud-init[1573]: Setting up node-package-json (4.0.1-1) ...
[  128.404100] cloud-init[1573]: Setting up node-latest-version (3.1.0-1) ...
[  128.409337] cloud-init[1573]: Setting up node-request (2.88.1-4) ...
[  128.413402] cloud-init[1573]: Setting up node-npmlog (4.1.2-2) ...
[  128.421249] cloud-init[1573]: Setting up node-cliui (4.1.0-2) ...
[  128.426750] cloud-init[1573]: Setting up node-yargs (15.3.0-1) ...
[  128.432348] cloud-init[1573]: Setting up node-cacache (11.3.3-2) ...
[  128.436686] cloud-init[1573]: Setting up node-read-package-json (2.1.1-1) ...
[  128.445980] cloud-init[1573]: Setting up node-gyp (6.1.0-3) ...
[  128.449203] cloud-init[1573]: Setting up node-libnpx (10.2.1-2) ...
[  128.456341] cloud-init[1573]: Setting up npm (6.14.4+ds-1ubuntu2) ...
[  128.459528] cloud-init[1573]: Setting up libwww-perl (6.43-1) ...
[  128.462854] cloud-init[1573]: Setting up liblwp-protocol-https-perl (6.07-2ubuntu2) ...
[  128.473370] cloud-init[1573]: Setting up libxml-parser-perl (2.46-1) ...
[  128.481971] cloud-init[1573]: Setting up libxml-twig-perl (1:3.50-2) ...
[  128.486485] cloud-init[1573]: Setting up libnet-dbus-perl (1.2.0-1) ...
[  128.490663] cloud-init[1573]: Processing triggers for ufw (0.36-6ubuntu1) ...
[  128.570230] cloud-init[1573]: Processing triggers for systemd (245.4-4ubuntu3.19) ...
[  128.938298] cloud-init[1573]: Processing triggers for man-db (2.9.1-1) ...
[  153.108972] cloud-init[1573]: Processing triggers for mime-support (3.64ubuntu1) ...
[  153.166266] cloud-init[1573]: Processing triggers for libc-bin (2.31-0ubuntu9.9) ...
         Stopping A high performanc… and a reverse proxy server...
[  OK  ] Stopped A high performance…er and a reverse proxy server.
         Starting A high performanc… and a reverse proxy server...
[  OK  ] Started A high performance…er and a reverse proxy server.
[  156.935673] cloud-init[1573]: This utility will walk you through creating a package.json file.
[  156.941625] cloud-init[1573]: It only covers the most common items, and tries to guess sensible defaults.
[  156.941737] cloud-init[1573]: See `npm help json` for definitive documentation on these fields
[  156.941822] cloud-init[1573]: and exactly what they do.
[  156.941901] cloud-init[1573]: Use `npm install <pkg>` afterwards to install a package and
[  156.941974] cloud-init[1573]: save it as a dependency in the package.json file.
[  156.942052] cloud-init[1573]: Press ^C at any time to quit.
[  156.976500] cloud-init[1573]: package name: (myapp)
[  160.569269] cloud-init[1573]: npm WARN saveError ENOENT: no such file or directory, open '/home/azureuser/myapp/package.json'
[  160.847876] cloud-init[1573]: npm notice created a lockfile as package-lock.json. You should commit this file.
[  160.857096] cloud-init[1573]: npm WARN enoent ENOENT: no such file or directory, open '/home/azureuser/myapp/package.json'
[  160.866241] cloud-init[1573]: npm WARN myapp No description
[  160.873242] cloud-init[1573]: npm WARN myapp No repository field.
[  160.880343] cloud-init[1573]: npm WARN myapp No README data
[  160.884126] cloud-init[1573]: npm WARN myapp No license field.
[  160.890730] cloud-init[1573]: + express@4.18.2
[  160.897243] cloud-init[1573]: added 57 packages from 42 contributors and audited 57 packages in 2.964s
[  160.932235] cloud-init[1573]: 7 packages are looking for funding
[  160.938737] cloud-init[1573]:   run `npm fund` for details
[  160.942205] cloud-init[1573]: found 0 vulnerabilities
[  161.585452] cloud-init[1573]: Hello world app listening on port 3000!
[  OK  ] Created slice Slice for Azure VM Agent and Extensions.
[  OK  ] Created slice azure-walinuxagent.slice.
[  OK  ] Created slice Slice for Az… Agent Periodic Log Collector.
[  OK  ] Started /usr/bin/python3 -…9.0.4-py2.7.egg -collect-logs.
         Starting Time & Date Service...
[  OK  ] Started Time & Date Service.
         Starting Cleanup of Temporary Directories...
[  OK  ] Finished Cleanup of Temporary Directories.
2023-02-22T05:06:24.440071Z INFO Daemon Agent WALinuxAgent-2.9.0.4 launched with command 'python3 -u bin/WALinuxAgent-2.9.0.4-py2.7.egg -run-exthandlers' is successfully running
         Starting Ubuntu Advantage …r for running repeated jobs...
[  OK  ] Finished Ubuntu Advantage …mer for running repeated jobs.
